<?xml version="1.0" encoding="UTF-8"?>
<!-- Generated by org.testng.reporters.JUnitReportReporter -->
<testsuite hostname="ANUJA" failures="0" tests="1" name="testcases.HomeTest" time="3.785" errors="0" timestamp="2022-03-11T21:20:11 IST" skipped="0">
  <testcase classname="testcases.HomeTest" name="HomePage" time="3.785"/>
  <system-out/>
</testsuite> <!-- testcases.HomeTest -->
