<?xml version="1.0" encoding="UTF-8"?>
<!-- Generated by org.testng.reporters.JUnitReportReporter -->
<testsuite hostname="ANUJA" failures="0" tests="4" name="testcases.LoginTest" time="50.126" errors="0" timestamp="2022-03-19T09:50:02 IST" skipped="0">
  <testcase classname="testcases.LoginTest" name="ParameterisedTest" time="12.436"/>
  <system-out/>
  <testcase classname="testcases.LoginTest" name="LoginSuccessTest" time="12.378"/>
  <system-out/>
  <testcase classname="testcases.LoginTest" name="ExternalDataTest" time="13.525"/>
  <system-out/>
  <testcase classname="testcases.LoginTest" name="LoginFailureTest" time="11.787"/>
  <system-out/>
</testsuite> <!-- testcases.LoginTest -->
