<?xml version="1.0" encoding="UTF-8"?>
<!-- Generated by org.testng.reporters.JUnitReportReporter -->
<testsuite skipped="0" hostname="ANUJA" name="testcases.LoginTest" tests="4" failures="0" timestamp="2022-03-19T09:40:57 IST" time="54.968" errors="0">
  <testcase name="ExternalDataTest" time="17.900" classname="testcases.LoginTest"/>
  <system-out/>
  <testcase name="ParameterisedTest" time="10.444" classname="testcases.LoginTest"/>
  <system-out/>
  <testcase name="LoginSuccessTest" time="13.702" classname="testcases.LoginTest"/>
  <system-out/>
  <testcase name="LoginFailureTest" time="12.922" classname="testcases.LoginTest"/>
  <system-out/>
</testsuite> <!-- testcases.LoginTest -->
